<?xml version="1.0" encoding="utf-8"?><testsuites name="pytest tests"><testsuite name="pytest" errors="0" failures="0" skipped="0" tests="19" time="3.265" timestamp="2026-03-23T15:15:09.541092+00:00" hostname="agent-env-bb785c36-16a3-41a1-b56a-4892b579f951"><testcase classname="backend.tests.test_phase4_features.TestTaskCategories" name="test_create_task_with_work_category" time="0.252" /><testcase classname="backend.tests.test_phase4_features.TestTaskCategories" name="test_create_task_with_personal_category" time="0.246" /><testcase classname="backend.tests.test_phase4_features.TestTaskCategories" name="test_create_task_with_urgent_category" time="0.313" /><testcase classname="backend.tests.test_phase4_features.TestTaskCategories" name="test_create_task_with_health_category" time="0.233" /><testcase classname="backend.tests.test_phase4_features.TestTaskCategories" name="test_create_task_with_finance_category" time="0.271" /><testcase classname="backend.tests.test_phase4_features.TestTaskCategories" name="test_create_task_without_category" time="0.252" /><testcase classname="backend.tests.test_phase4_features.TestTaskCategories" name="test_update_task_category" time="0.494" /><testcase classname="backend.tests.test_phase4_features.TestTaskCategories" name="test_list_tasks_returns_list" time="0.129" /><testcase classname="backend.tests.test_phase4_features.TestICalExport" name="test_ical_export_returns_valid_content" time="0.104" /><testcase classname="backend.tests.test_phase4_features.TestICalExport" name="test_ical_export_has_vcalendar_structure" time="0.117" /><testcase classname="backend.tests.test_phase4_features.TestICalExport" name="test_ical_export_has_vevent" time="0.115" /><testcase classname="backend.tests.test_phase4_features.TestICalExport" name="test_ical_export_has_rrule_for_recurring" time="0.121" /><testcase classname="backend.tests.test_phase4_features.TestICalExport" name="test_ical_export_has_attendees" time="0.117" /><testcase classname="backend.tests.test_phase4_features.TestICalExport" name="test_ical_export_requires_auth" time="0.113" /><testcase classname="backend.tests.test_phase4_features.TestVercelConfig" name="test_vercel_json_exists" time="0.000" /><testcase classname="backend.tests.test_phase4_features.TestVercelConfig" name="test_vercel_json_valid_structure" time="0.000" /><testcase classname="backend.tests.test_phase4_features.TestVercelConfig" name="test_vercel_json_has_rewrites" time="0.000" /><testcase classname="backend.tests.test_phase4_features.TestVercelConfig" name="test_vercel_json_has_headers" time="0.000" /><testcase classname="backend.tests.test_phase4_features.TestNewTasksHaveCategory" name="test_new_task_category_persists" time="0.311" /></testsuite></testsuites>