<?xml version="1.0" encoding="utf-8"?><testsuites name="pytest tests"><testsuite name="pytest" errors="0" failures="0" skipped="0" tests="20" time="5.936" timestamp="2026-03-23T15:46:28.510476+00:00" hostname="agent-env-bb785c36-16a3-41a1-b56a-4892b579f951"><testcase classname="backend.tests.test_phase5_features.TestCalendarSharing" name="test_get_calendar_shares" time="0.237" /><testcase classname="backend.tests.test_phase5_features.TestCalendarSharing" name="test_create_calendar_share" time="0.423" /><testcase classname="backend.tests.test_phase5_features.TestCalendarSharing" name="test_create_share_with_edit_permission" time="0.261" /><testcase classname="backend.tests.test_phase5_features.TestCalendarSharing" name="test_cannot_share_with_self" time="0.190" /><testcase classname="backend.tests.test_phase5_features.TestCalendarSharing" name="test_cannot_share_duplicate" time="0.241" /><testcase classname="backend.tests.test_phase5_features.TestCalendarSharing" name="test_delete_calendar_share" time="0.353" /><testcase classname="backend.tests.test_phase5_features.TestCalendarSharing" name="test_delete_nonexistent_share" time="0.114" /><testcase classname="backend.tests.test_phase5_features.TestSharedEventsAPI" name="test_get_shared_events_no_access" time="0.138" /><testcase classname="backend.tests.test_phase5_features.TestRemindersAPI" name="test_get_upcoming_reminders" time="0.104" /><testcase classname="backend.tests.test_phase5_features.TestRemindersAPI" name="test_create_event_with_reminder_and_verify" time="0.365" /><testcase classname="backend.tests.test_phase5_features.TestTaskCategoriesWithFiltering" name="test_create_task_with_health_category" time="0.367" /><testcase classname="backend.tests.test_phase5_features.TestTaskCategoriesWithFiltering" name="test_all_category_types" time="1.259" /><testcase classname="backend.tests.test_phase5_features.TestEventWithReminder" name="test_create_event_with_reminder_options" time="0.841" /><testcase classname="backend.tests.test_phase5_features.TestEventWithReminder" name="test_create_event_without_reminder" time="0.259" /><testcase classname="backend.tests.test_phase5_features.TestEventWithReminder" name="test_update_event_reminder" time="0.350" /><testcase classname="backend.tests.test_phase5_features.TestWebSocketEndpoint" name="test_websocket_endpoint_exists" time="0.000" /><testcase classname="backend.tests.test_phase5_features.TestWebSocketEndpoint" name="test_websocket_invalid_token_rejection" time="0.000" /><testcase classname="backend.tests.test_phase5_features.TestAuthenticationRequired" name="test_calendar_shares_requires_auth" time="0.116" /><testcase classname="backend.tests.test_phase5_features.TestAuthenticationRequired" name="test_reminders_requires_auth" time="0.111" /><testcase classname="backend.tests.test_phase5_features.TestAuthenticationRequired" name="test_calendar_share_post_requires_auth" time="0.121" /></testsuite></testsuites>