<?xml version="1.0" encoding="utf-8"?><testsuites name="pytest tests"><testsuite name="pytest" errors="0" failures="0" skipped="0" tests="13" time="4.530" timestamp="2026-03-25T13:41:52.915843+00:00" hostname="agent-env-7cf214cd-4133-4ab7-a8fa-149569e9f070"><testcase classname="backend.tests.test_session_persistence.TestSessionPersistenceFix" name="test_login_returns_session_token_in_json" time="0.568" /><testcase classname="backend.tests.test_session_persistence.TestSessionPersistenceFix" name="test_login_returns_user_data" time="0.000" /><testcase classname="backend.tests.test_session_persistence.TestSessionPersistenceFix" name="test_auth_me_with_bearer_token" time="0.241" /><testcase classname="backend.tests.test_session_persistence.TestSessionPersistenceFix" name="test_auth_me_without_token_returns_401" time="0.086" /><testcase classname="backend.tests.test_session_persistence.TestSessionPersistenceFix" name="test_create_event_with_bearer_token" time="0.363" /><testcase classname="backend.tests.test_session_persistence.TestSessionPersistenceFix" name="test_get_events_with_bearer_token" time="0.326" /><testcase classname="backend.tests.test_session_persistence.TestSessionPersistenceFix" name="test_events_without_token_returns_401" time="0.128" /><testcase classname="backend.tests.test_session_persistence.TestSessionPersistenceFix" name="test_tasks_with_bearer_token" time="0.256" /><testcase classname="backend.tests.test_session_persistence.TestSessionPersistenceFix" name="test_availability_with_bearer_token" time="0.259" /><testcase classname="backend.tests.test_session_persistence.TestSessionPersistenceFix" name="test_analytics_with_bearer_token" time="0.405" /><testcase classname="backend.tests.test_session_persistence.TestSessionPersistenceFix" name="test_cleanup_test_event" time="0.260" /><testcase classname="backend.tests.test_session_persistence.TestBearerTokenVsCookie" name="test_bearer_token_works_without_cookies" time="0.637" /><testcase classname="backend.tests.test_session_persistence.TestBearerTokenVsCookie" name="test_multiple_api_calls_with_same_token" time="0.920" /></testsuite></testsuites>