<?xml version="1.0" encoding="utf-8"?><testsuites name="pytest tests"><testsuite name="pytest" errors="0" failures="0" skipped="0" tests="16" time="2.499" timestamp="2026-03-23T14:52:27.817903+00:00" hostname="agent-env-bb785c36-16a3-41a1-b56a-4892b579f951"><testcase classname="backend.tests.test_phase3_features.TestAvailabilitySlotDuration" name="test_get_availability_returns_slot_duration" time="0.173" /><testcase classname="backend.tests.test_phase3_features.TestAvailabilitySlotDuration" name="test_update_availability_with_15min_duration" time="0.115" /><testcase classname="backend.tests.test_phase3_features.TestAvailabilitySlotDuration" name="test_update_availability_with_60min_duration" time="0.107" /><testcase classname="backend.tests.test_phase3_features.TestAvailabilitySlotDuration" name="test_reset_availability_to_30min" time="0.153" /><testcase classname="backend.tests.test_phase3_features.TestBookingAvailableSlots" name="test_available_slots_returns_correct_structure" time="0.104" /><testcase classname="backend.tests.test_phase3_features.TestBookingAvailableSlots" name="test_available_slots_for_weekday" time="0.153" /><testcase classname="backend.tests.test_phase3_features.TestBookingAvailableSlots" name="test_available_slots_for_weekend" time="0.233" /><testcase classname="backend.tests.test_phase3_features.TestGoogleCalendarAPI" name="test_gcal_status_endpoint" time="0.142" /><testcase classname="backend.tests.test_phase3_features.TestGoogleCalendarAPI" name="test_gcal_connect_returns_auth_url" time="0.116" /><testcase classname="backend.tests.test_phase3_features.TestGoogleCalendarAPI" name="test_gcal_disconnect_endpoint" time="0.129" /><testcase classname="backend.tests.test_phase3_features.TestAnalyticsAPI" name="test_analytics_endpoint_returns_correct_structure" time="0.105" /><testcase classname="backend.tests.test_phase3_features.TestAnalyticsAPI" name="test_analytics_booking_trends_structure" time="0.104" /><testcase classname="backend.tests.test_phase3_features.TestAnalyticsAPI" name="test_analytics_busiest_slots_structure" time="0.135" /><testcase classname="backend.tests.test_phase3_features.TestAnalyticsAPI" name="test_analytics_attendee_responses_structure" time="0.111" /><testcase classname="backend.tests.test_phase3_features.TestBookingWithDuration" name="test_create_booking_with_duration" time="0.399" /><testcase classname="backend.tests.test_phase3_features.TestAuthEndpoints" name="test_auth_me_endpoint" time="0.142" /></testsuite></testsuites>